# JRE version: OpenJDK Runtime Environment (11.0.10) (build 11.0.10+0-b96-7249189)
# Java VM: OpenJDK 64-Bit Server VM (11.0.10+0-b96-7249189, mixed mode, tiered, compressed oops, g1 gc, windows-amd64)
Heap:
 garbage-first heap   total 310272K, used 103266K [0x0000000704600000, 0x0000000800000000)
  region size 1024K, 74 young (75776K), 15 survivors (15360K)
 Metaspace       used 62397K, capacity 63209K, committed 63236K, reserved 1105920K
  class space    used 7154K, capacity 7484K, committed 7508K, reserved 1048576K
GC Heap History (14 events):
Event: 0.346 GC heap before
{Heap before GC invocations=0 (full 0):
 garbage-first heap   total 258048K, used 27648K [0x0000000704600000, 0x0000000800000000)
  region size 1024K, 24 young (24576K), 0 survivors (0K)
 Metaspace       used 12299K, capacity 12405K, committed 12544K, reserved 1060864K
  class space    used 1156K, capacity 1174K, committed 1280K, reserved 1048576K
}
Event: 0.348 GC heap after
{Heap after GC invocations=1 (full 0):
 garbage-first heap   total 258048K, used 5709K [0x0000000704600000, 0x0000000800000000)
  region size 1024K, 3 young (3072K), 3 survivors (3072K)
 Metaspace       used 12299K, capacity 12405K, committed 12544K, reserved 1060864K
  class space    used 1156K, capacity 1174K, committed 1280K, reserved 1048576K
}
Event: 0.731 GC heap before
{Heap before GC invocations=1 (full 0):
 garbage-first heap   total 258048K, used 40525K [0x0000000704600000, 0x0000000800000000)
  region size 1024K, 38 young (38912K), 3 survivors (3072K)
 Metaspace       used 20870K, capacity 21142K, committed 21296K, reserved 1069056K
  class space    used 2232K, capacity 2347K, committed 2432K, reserved 1048576K
}
Event: 0.735 GC heap after
{Heap after GC invocations=2 (full 0):
 garbage-first heap   total 258048K, used 9216K [0x0000000704600000, 0x0000000800000000)
  region size 1024K, 6 young (6144K), 6 survivors (6144K)
 Metaspace       used 20870K, capacity 21142K, committed 21296K, reserved 1069056K
  class space    used 2232K, capacity 2347K, committed 2432K, reserved 1048576K
}
Event: 1.309 GC heap before
{Heap before GC invocations=3 (full 0):
 garbage-first heap   total 258048K, used 63488K [0x0000000704600000, 0x0000000800000000)
  region size 1024K, 55 young (56320K), 6 survivors (6144K)
 Metaspace       used 31433K, capacity 31923K, committed 32048K, reserved 1077248K
  class space    used 3747K, capacity 3939K, committed 3968K, reserved 1048576K
}
Event: 1.318 GC heap after
{Heap after GC invocations=4 (full 0):
 garbage-first heap   total 258048K, used 21534K [0x0000000704600000, 0x0000000800000000)
  region size 1024K, 7 young (7168K), 7 survivors (7168K)
 Metaspace       used 31433K, capacity 31923K, committed 32048K, reserved 1077248K
  class space    used 3747K, capacity 3939K, committed 3968K, reserved 1048576K
}
Event: 1.479 GC heap before
{Heap before GC invocations=4 (full 0):
 garbage-first heap   total 258048K, used 35870K [0x0000000704600000, 0x0000000800000000)
  region size 1024K, 23 young (23552K), 7 survivors (7168K)
 Metaspace       used 35365K, capacity 35841K, committed 35920K, reserved 1081344K
  class space    used 4396K, capacity 4584K, committed 4608K, reserved 1048576K
}
Event: 1.484 GC heap after
{Heap after GC invocations=5 (full 0):
 garbage-first heap   total 258048K, used 23425K [0x0000000704600000, 0x0000000800000000)
  region size 1024K, 6 young (6144K), 6 survivors (6144K)
 Metaspace       used 35365K, capacity 35841K, committed 35920K, reserved 1081344K
  class space    used 4396K, capacity 4584K, committed 4608K, reserved 1048576K
}
Event: 1.620 GC heap before
{Heap before GC invocations=6 (full 0):
 garbage-first heap   total 258048K, used 38785K [0x0000000704600000, 0x0000000800000000)
  region size 1024K, 21 young (21504K), 6 survivors (6144K)
 Metaspace       used 37887K, capacity 38437K, committed 38576K, reserved 1083392K
  class space    used 4656K, capacity 4847K, committed 4864K, reserved 1048576K
}
Event: 1.625 GC heap after
{Heap after GC invocations=7 (full 0):
 garbage-first heap   total 310272K, used 22723K [0x0000000704600000, 0x0000000800000000)
  region size 1024K, 3 young (3072K), 3 survivors (3072K)
 Metaspace       used 37887K, capacity 38437K, committed 38576K, reserved 1083392K
  class space    used 4656K, capacity 4847K, committed 4864K, reserved 1048576K
}
Event: 2.515 GC heap before
{Heap before GC invocations=7 (full 0):
 garbage-first heap   total 310272K, used 96451K [0x0000000704600000, 0x0000000800000000)
  region size 1024K, 73 young (74752K), 3 survivors (3072K)
 Metaspace       used 50786K, capacity 51449K, committed 51504K, reserved 1095680K
  class space    used 5946K, capacity 6229K, committed 6272K, reserved 1048576K
}
Event: 2.523 GC heap after
{Heap after GC invocations=8 (full 0):
 garbage-first heap   total 310272K, used 34278K [0x0000000704600000, 0x0000000800000000)
  region size 1024K, 10 young (10240K), 10 survivors (10240K)
 Metaspace       used 50786K, capacity 51449K, committed 51504K, reserved 1095680K
  class space    used 5946K, capacity 6229K, committed 6272K, reserved 1048576K
}
Event: 3.716 GC heap before
{Heap before GC invocations=8 (full 0):
 garbage-first heap   total 310272K, used 120294K [0x0000000704600000, 0x0000000800000000)
  region size 1024K, 94 young (96256K), 10 survivors (10240K)
 Metaspace       used 59547K, capacity 60311K, committed 60420K, reserved 1101824K
  class space    used 6892K, capacity 7196K, committed 7252K, reserved 1048576K
}
Event: 3.748 GC heap after
{Heap after GC invocations=9 (full 0):
 garbage-first heap   total 310272K, used 43874K [0x0000000704600000, 0x0000000800000000)
  region size 1024K, 15 young (15360K), 15 survivors (15360K)
 Metaspace       used 59547K, capacity 60311K, committed 60420K, reserved 1101824K
  class space    used 6892K, capacity 7196K, committed 7252K, reserved 1048576K
}

